# JRE version: OpenJDK Runtime Environment (8.0_151-b12) (build 1.8.0_151-8u151-b12-0ubuntu0.16.04.2-b12)
# Java VM: OpenJDK Server VM (25.151-b12 mixed mode linux-x86 )
Heap:
 PSYoungGen      total 20992K, used 4959K [0x918c0000, 0x93280000, 0xa6e00000)
  eden space 16128K, 5% used [0x918c0000,0x919af998,0x92880000)
  from space 4864K, 82% used [0x92dc0000,0x931a83a0,0x93280000)
  to   space 5120K, 0% used [0x92880000,0x92880000,0x92d80000)
 ParOldGen       total 43776K, used 6003K [0x66e00000, 0x698c0000, 0x918c0000)
  object space 43776K, 13% used [0x66e00000,0x673dccf8,0x698c0000)
 Metaspace       used 9893K, capacity 10005K, committed 10008K, reserved 10544K
GC Heap History (10 events):
Event: 48.459 GC heap before
{Heap before GC invocations=2 (full 0):
 PSYoungGen      total 19200K, used 19195K [0x918c0000, 0x92e00000, 0xa6e00000)
  eden space 16640K, 100% used [0x918c0000,0x92900000,0x92900000)
  from space 2560K, 99% used [0x92900000,0x92b7ef20,0x92b80000)
  to   space 2560K, 0% used [0x92b80000,0x92b80000,0x92e00000)
 ParOldGen       total 43776K, used 146K [0x66e00000, 0x698c0000, 0x918c0000)
  object space 43776K, 0% used [0x66e00000,0x66e24988,0x698c0000)
 Metaspace       used 6096K, capacity 6154K, committed 6168K, reserved 6448K
Event: 48.485 GC heap after
Heap after GC invocations=2 (full 0):
 PSYoungGen      total 19200K, used 2553K [0x918c0000, 0x92e00000, 0xa6e00000)
  eden space 16640K, 0% used [0x918c0000,0x918c0000,0x92900000)
  from space 2560K, 99% used [0x92b80000,0x92dfe7c8,0x92e00000)
  to   space 2560K, 0% used [0x92900000,0x92900000,0x92b80000)
 ParOldGen       total 43776K, used 1415K [0x66e00000, 0x698c0000, 0x918c0000)
  object space 43776K, 3% used [0x66e00000,0x66f61cd8,0x698c0000)
 Metaspace       used 6096K, capacity 6154K, committed 6168K, reserved 6448K
}
Event: 61.790 GC heap before
{Heap before GC invocations=3 (full 0):
 PSYoungGen      total 19200K, used 19193K [0x918c0000, 0x92e00000, 0xa6e00000)
  eden space 16640K, 100% used [0x918c0000,0x92900000,0x92900000)
  from space 2560K, 99% used [0x92b80000,0x92dfe7c8,0x92e00000)
  to   space 2560K, 0% used [0x92900000,0x92900000,0x92b80000)
 ParOldGen       total 43776K, used 1415K [0x66e00000, 0x698c0000, 0x918c0000)
  object space 43776K, 3% used [0x66e00000,0x66f61cd8,0x698c0000)
 Metaspace       used 6795K, capacity 6828K, committed 6936K, reserved 7472K
Event: 61.806 GC heap after
Heap after GC invocations=3 (full 0):
 PSYoungGen      total 19200K, used 2555K [0x918c0000, 0x92e00000, 0xa6e00000)
  eden space 16640K, 0% used [0x918c0000,0x918c0000,0x92900000)
  from space 2560K, 99% used [0x92900000,0x92b7edb8,0x92b80000)
  to   space 2560K, 0% used [0x92b80000,0x92b80000,0x92e00000)
 ParOldGen       total 43776K, used 2101K [0x66e00000, 0x698c0000, 0x918c0000)
  object space 43776K, 4% used [0x66e00000,0x6700d4a8,0x698c0000)
 Metaspace       used 6795K, capacity 6828K, committed 6936K, reserved 7472K
}
Event: 75.152 GC heap before
{Heap before GC invocations=4 (full 0):
 PSYoungGen      total 19200K, used 18341K [0x918c0000, 0x92e00000, 0xa6e00000)
  eden space 16640K, 94% used [0x918c0000,0x9282a828,0x92900000)
  from space 2560K, 99% used [0x92900000,0x92b7edb8,0x92b80000)
  to   space 2560K, 0% used [0x92b80000,0x92b80000,0x92e00000)
 ParOldGen       total 43776K, used 2101K [0x66e00000, 0x698c0000, 0x918c0000)
  object space 43776K, 4% used [0x66e00000,0x6700d4a8,0x698c0000)
 Metaspace       used 7788K, capacity 7863K, committed 7960K, reserved 8496K
Event: 75.205 GC heap after
Heap after GC invocations=4 (full 0):
 PSYoungGen      total 19200K, used 2553K [0x918c0000, 0x92e00000, 0xa6e00000)
  eden space 16640K, 0% used [0x918c0000,0x918c0000,0x92900000)
  from space 2560K, 99% used [0x92b80000,0x92dfe400,0x92e00000)
  to   space 2560K, 0% used [0x92900000,0x92900000,0x92b80000)
 ParOldGen       total 43776K, used 4705K [0x66e00000, 0x698c0000, 0x918c0000)
  object space 43776K, 10% used [0x66e00000,0x672984a0,0x698c0000)
 Metaspace       used 7788K, capacity 7863K, committed 7960K, reserved 8496K
}
Event: 87.692 GC heap before
{Heap before GC invocations=5 (full 0):
 PSYoungGen      total 19200K, used 19193K [0x918c0000, 0x92e00000, 0xa6e00000)
  eden space 16640K, 100% used [0x918c0000,0x92900000,0x92900000)
  from space 2560K, 99% used [0x92b80000,0x92dfe400,0x92e00000)
  to   space 2560K, 0% used [0x92900000,0x92900000,0x92b80000)
 ParOldGen       total 43776K, used 4705K [0x66e00000, 0x698c0000, 0x918c0000)
  object space 43776K, 10% used [0x66e00000,0x672984a0,0x698c0000)
 Metaspace       used 8903K, capacity 9011K, committed 9112K, reserved 9520K
Event: 87.715 GC heap after
Heap after GC invocations=5 (full 0):
 PSYoungGen      total 18944K, used 2552K [0x918c0000, 0x932c0000, 0xa6e00000)
  eden space 16384K, 0% used [0x918c0000,0x918c0000,0x928c0000)
  from space 2560K, 99% used [0x92900000,0x92b7e070,0x92b80000)
  to   space 5120K, 0% used [0x92dc0000,0x92dc0000,0x932c0000)
 ParOldGen       total 43776K, used 5999K [0x66e00000, 0x698c0000, 0x918c0000)
  object space 43776K, 13% used [0x66e00000,0x673dbcf8,0x698c0000)
 Metaspace       used 8903K, capacity 9011K, committed 9112K, reserved 9520K
}
Event: 99.244 GC heap before
{Heap before GC invocations=6 (full 0):
 PSYoungGen      total 18944K, used 18936K [0x918c0000, 0x932c0000, 0xa6e00000)
  eden space 16384K, 100% used [0x918c0000,0x928c0000,0x928c0000)
  from space 2560K, 99% used [0x92900000,0x92b7e070,0x92b80000)
  to   space 5120K, 0% used [0x92dc0000,0x92dc0000,0x932c0000)
 ParOldGen       total 43776K, used 5999K [0x66e00000, 0x698c0000, 0x918c0000)
  object space 43776K, 13% used [0x66e00000,0x673dbcf8,0x698c0000)
 Metaspace       used 9677K, capacity 9781K, committed 9880K, reserved 10544K
Event: 99.531 GC heap after
Heap after GC invocations=6 (full 0):
 PSYoungGen      total 20992K, used 4000K [0x918c0000, 0x93280000, 0xa6e00000)
  eden space 16128K, 0% used [0x918c0000,0x918c0000,0x92880000)
  from space 4864K, 82% used [0x92dc0000,0x931a83a0,0x93280000)
  to   space 5120K, 0% used [0x92880000,0x92880000,0x92d80000)
 ParOldGen       total 43776K, used 6003K [0x66e00000, 0x698c0000, 0x918c0000)
  object space 43776K, 13% used [0x66e00000,0x673dccf8,0x698c0000)
 Metaspace       used 9677K, capacity 9781K, committed 9880K, reserved 10544K
}

