# JRE version: OpenJDK Runtime Environment (8.0_151-b12) (build 1.8.0_151-8u151-b12-0ubuntu0.16.04.2-b12)
# Java VM: OpenJDK Server VM (25.151-b12 mixed mode linux-x86 )
Heap:
 PSYoungGen      total 37632K, used 7291K [0x918c0000, 0x942c0000, 0xa6e00000)
  eden space 33024K, 9% used [0x918c0000,0x91bf5c80,0x93900000)
  from space 4608K, 86% used [0x93dc0000,0x941a90c0,0x94240000)
  to   space 4864K, 0% used [0x93900000,0x93900000,0x93dc0000)
 ParOldGen       total 43776K, used 5102K [0x66e00000, 0x698c0000, 0x918c0000)
  object space 43776K, 11% used [0x66e00000,0x672fb8b8,0x698c0000)
 Metaspace       used 9671K, capacity 9745K, committed 9752K, reserved 10544K
GC Heap History (10 events):
Event: 47.558 GC heap before
{Heap before GC invocations=2 (full 0):
 PSYoungGen      total 19200K, used 19198K [0x918c0000, 0x92e00000, 0xa6e00000)
  eden space 16640K, 100% used [0x918c0000,0x92900000,0x92900000)
  from space 2560K, 99% used [0x92900000,0x92b7f978,0x92b80000)
  to   space 2560K, 0% used [0x92b80000,0x92b80000,0x92e00000)
 ParOldGen       total 43776K, used 142K [0x66e00000, 0x698c0000, 0x918c0000)
  object space 43776K, 0% used [0x66e00000,0x66e23970,0x698c0000)
 Metaspace       used 6100K, capacity 6154K, committed 6168K, reserved 6448K
Event: 47.586 GC heap after
Heap after GC invocations=2 (full 0):
 PSYoungGen      total 19200K, used 2555K [0x918c0000, 0x92e00000, 0xa6e00000)
  eden space 16640K, 0% used [0x918c0000,0x918c0000,0x92900000)
  from space 2560K, 99% used [0x92b80000,0x92dfed28,0x92e00000)
  to   space 2560K, 0% used [0x92900000,0x92900000,0x92b80000)
 ParOldGen       total 43776K, used 1381K [0x66e00000, 0x698c0000, 0x918c0000)
  object space 43776K, 3% used [0x66e00000,0x66f595e8,0x698c0000)
 Metaspace       used 6100K, capacity 6154K, committed 6168K, reserved 6448K
}
Event: 62.717 GC heap before
{Heap before GC invocations=3 (full 0):
 PSYoungGen      total 19200K, used 19195K [0x918c0000, 0x92e00000, 0xa6e00000)
  eden space 16640K, 100% used [0x918c0000,0x92900000,0x92900000)
  from space 2560K, 99% used [0x92b80000,0x92dfed28,0x92e00000)
  to   space 2560K, 0% used [0x92900000,0x92900000,0x92b80000)
 ParOldGen       total 43776K, used 1381K [0x66e00000, 0x698c0000, 0x918c0000)
  object space 43776K, 3% used [0x66e00000,0x66f595e8,0x698c0000)
 Metaspace       used 6805K, capacity 6860K, committed 6936K, reserved 7472K
Event: 62.732 GC heap after
Heap after GC invocations=3 (full 0):
 PSYoungGen      total 19200K, used 2555K [0x918c0000, 0x92e00000, 0xa6e00000)
  eden space 16640K, 0% used [0x918c0000,0x918c0000,0x92900000)
  from space 2560K, 99% used [0x92900000,0x92b7ed68,0x92b80000)
  to   space 2560K, 0% used [0x92b80000,0x92b80000,0x92e00000)
 ParOldGen       total 43776K, used 2199K [0x66e00000, 0x698c0000, 0x918c0000)
  object space 43776K, 5% used [0x66e00000,0x67025cc0,0x698c0000)
 Metaspace       used 6805K, capacity 6860K, committed 6936K, reserved 7472K
}
Event: 75.176 GC heap before
{Heap before GC invocations=4 (full 0):
 PSYoungGen      total 19200K, used 19195K [0x918c0000, 0x92e00000, 0xa6e00000)
  eden space 16640K, 100% used [0x918c0000,0x92900000,0x92900000)
  from space 2560K, 99% used [0x92900000,0x92b7ed68,0x92b80000)
  to   space 2560K, 0% used [0x92b80000,0x92b80000,0x92e00000)
 ParOldGen       total 43776K, used 2199K [0x66e00000, 0x698c0000, 0x918c0000)
  object space 43776K, 5% used [0x66e00000,0x67025cc0,0x698c0000)
 Metaspace       used 7557K, capacity 7599K, committed 7704K, reserved 8496K
Event: 75.233 GC heap after
Heap after GC invocations=4 (full 0):
 PSYoungGen      total 19200K, used 2547K [0x918c0000, 0x92e00000, 0xa6e00000)
  eden space 16640K, 0% used [0x918c0000,0x918c0000,0x92900000)
  from space 2560K, 99% used [0x92b80000,0x92dfcd38,0x92e00000)
  to   space 2560K, 0% used [0x92900000,0x92900000,0x92b80000)
 ParOldGen       total 43776K, used 3355K [0x66e00000, 0x698c0000, 0x918c0000)
  object space 43776K, 7% used [0x66e00000,0x67146ef8,0x698c0000)
 Metaspace       used 7557K, capacity 7599K, committed 7704K, reserved 8496K
}
Event: 92.037 GC heap before
{Heap before GC invocations=5 (full 0):
 PSYoungGen      total 19200K, used 19187K [0x918c0000, 0x92e00000, 0xa6e00000)
  eden space 16640K, 100% used [0x918c0000,0x92900000,0x92900000)
  from space 2560K, 99% used [0x92b80000,0x92dfcd38,0x92e00000)
  to   space 2560K, 0% used [0x92900000,0x92900000,0x92b80000)
 ParOldGen       total 43776K, used 3355K [0x66e00000, 0x698c0000, 0x918c0000)
  object space 43776K, 7% used [0x66e00000,0x67146ef8,0x698c0000)
 Metaspace       used 8728K, capacity 8813K, committed 8856K, reserved 9520K
Event: 92.863 GC heap after
Heap after GC invocations=5 (full 0):
 PSYoungGen      total 19200K, used 2551K [0x918c0000, 0x94240000, 0xa6e00000)
  eden space 16640K, 0% used [0x918c0000,0x918c0000,0x92900000)
  from space 2560K, 99% used [0x92900000,0x92b7ddd0,0x92b80000)
  to   space 4608K, 0% used [0x93dc0000,0x93dc0000,0x94240000)
 ParOldGen       total 43776K, used 5098K [0x66e00000, 0x698c0000, 0x918c0000)
  object space 43776K, 11% used [0x66e00000,0x672fa8b8,0x698c0000)
 Metaspace       used 8728K, capacity 8813K, committed 8856K, reserved 9520K
}
Event: 102.753 GC heap before
{Heap before GC invocations=6 (full 0):
 PSYoungGen      total 19200K, used 19175K [0x918c0000, 0x94240000, 0xa6e00000)
  eden space 16640K, 99% used [0x918c0000,0x928fbe58,0x92900000)
  from space 2560K, 99% used [0x92900000,0x92b7ddd0,0x92b80000)
  to   space 4608K, 0% used [0x93dc0000,0x93dc0000,0x94240000)
 ParOldGen       total 43776K, used 5098K [0x66e00000, 0x698c0000, 0x918c0000)
  object space 43776K, 11% used [0x66e00000,0x672fa8b8,0x698c0000)
 Metaspace       used 9567K, capacity 9649K, committed 9752K, reserved 10544K
Event: 102.798 GC heap after
Heap after GC invocations=6 (full 0):
 PSYoungGen      total 37632K, used 4004K [0x918c0000, 0x942c0000, 0xa6e00000)
  eden space 33024K, 0% used [0x918c0000,0x918c0000,0x93900000)
  from space 4608K, 86% used [0x93dc0000,0x941a90c0,0x94240000)
  to   space 4864K, 0% used [0x93900000,0x93900000,0x93dc0000)
 ParOldGen       total 43776K, used 5102K [0x66e00000, 0x698c0000, 0x918c0000)
  object space 43776K, 11% used [0x66e00000,0x672fb8b8,0x698c0000)
 Metaspace       used 9567K, capacity 9649K, committed 9752K, reserved 10544K
}

